SF:lib\main.dart
DA:4,0
DA:5,0
DA:9,2
DA:11,1
DA:13,1
DA:15,1
DA:17,2
LF:7
LH:5
end_of_record
SF:lib\ui\page\client_ui.dart
DA:6,1
DA:8,1
DA:9,1
DA:15,3
DA:22,0
DA:23,0
DA:24,0
DA:25,0
DA:30,0
DA:31,0
DA:32,0
DA:33,0
DA:38,1
DA:39,3
DA:40,1
DA:42,3
DA:44,2
DA:45,1
DA:47,1
DA:50,3
DA:51,0
DA:53,0
DA:56,0
DA:58,0
DA:64,3
DA:65,0
DA:67,0
DA:68,0
DA:71,0
DA:72,0
DA:73,0
DA:74,0
DA:75,0
DA:77,0
DA:80,0
DA:81,0
DA:83,0
DA:84,0
DA:88,1
DA:91,1
DA:92,1
DA:97,4
DA:100,1
DA:101,1
DA:107,4
DA:110,1
DA:112,3
DA:113,1
DA:116,1
DA:118,1
DA:120,1
DA:126,1
DA:128,1
DA:129,1
DA:131,1
DA:132,1
DA:134,1
DA:135,0
DA:136,0
DA:145,1
DA:147,1
DA:148,1
DA:150,1
DA:151,0
DA:152,0
DA:168,1
DA:170,1
DA:171,1
DA:175,1
DA:180,2
DA:184,1
DA:186,1
DA:190,1
DA:192,1
DA:194,1
DA:203,1
DA:204,1
DA:205,2
DA:206,1
DA:207,1
DA:208,0
DA:211,1
DA:212,0
DA:214,0
DA:229,1
DA:230,1
DA:233,1
DA:236,1
DA:237,1
DA:240,1
LF:90
LH:58
end_of_record
